\BOOKMARK [0][-]{chapter.8}{\376\377\000P\000r\000o\000b\000a\000b\000i\000l\000i\000t\000y\000\040\000m\000o\000d\000e\000l\000s\000\040\000a\000n\000d\000\040\000a\000x\000i\000o\000m\000s}{}% 1
\BOOKMARK [1][-]{section.9}{\376\377\000M\000a\000t\000h\000\040\000O\000v\000e\000r\000v\000i\000e\000w}{chapter.8}% 2
\BOOKMARK [2][-]{subsection.10}{\376\377\000S\000e\000t\000s\000\040\000a\000n\000d\000\040\000D\000e\000\040\000M\000o\000r\000g\000a\000n\000'\000s\000\040\000L\000a\000w\000s}{section.9}% 3
\BOOKMARK [2][-]{subsection.11}{\376\377\000S\000e\000q\000u\000e\000n\000c\000e\000s\000\040\000a\000n\000d\000\040\000t\000h\000e\000i\000r\000\040\000l\000i\000m\000i\000t\000s}{section.9}% 4
\BOOKMARK [2][-]{subsection.12}{\376\377\000I\000n\000f\000i\000n\000i\000t\000e\000\040\000s\000e\000r\000i\000e\000s}{section.9}% 5
\BOOKMARK [2][-]{subsection.13}{\376\377\000G\000e\000o\000m\000e\000t\000r\000i\000c\000\040\000s\000e\000r\000i\000e\000s}{section.9}% 6
\BOOKMARK [2][-]{subsection.14}{\376\377\000S\000u\000m\000s\000\040\000w\000i\000t\000h\000\040\000m\000u\000l\000t\000i\000p\000l\000e\000\040\000i\000n\000d\000i\000c\000e\000s}{section.9}% 7
\BOOKMARK [2][-]{subsection.15}{\376\377\000C\000o\000u\000n\000t\000a\000b\000l\000e\000\040\000a\000n\000d\000\040\000u\000n\000c\000o\000u\000n\000t\000a\000b\000l\000e\000\040\000s\000e\000t\000s}{section.9}% 8
\BOOKMARK [1][-]{section.16}{\376\377\000L\000e\000c\000t\000u\000r\000e\000\040\0001\000:\000\040\000P\000r\000o\000b\000a\000b\000i\000l\000i\000t\000y\000\040\000m\000o\000d\000e\000l\000s\000\040\000a\000n\000d\000\040\000a\000x\000i\000o\000m\000s}{chapter.8}% 9
\BOOKMARK [2][-]{subsection.17}{\376\377\000S\000a\000m\000p\000l\000e\000\040\000s\000p\000a\000c\000e}{section.16}% 10
\BOOKMARK [2][-]{subsection.18}{\376\377\000P\000r\000o\000b\000a\000b\000i\000l\000i\000t\000y\000\040\000l\000a\000w\000s}{section.16}% 11
\BOOKMARK [2][-]{subsection.19}{\376\377\000S\000o\000m\000e\000\040\000s\000i\000m\000p\000l\000e\000\040\000c\000o\000n\000s\000e\000q\000u\000e\000n\000c\000e\000s\000\040\000o\000f\000\040\000t\000h\000e\000\040\000a\000x\000i\000o\000m\000s}{section.16}% 12
\BOOKMARK [2][-]{subsection.20}{\376\377\000M\000o\000r\000e\000\040\000c\000o\000n\000s\000e\000q\000u\000e\000n\000c\000e\000s\000\040\000o\000f\000\040\000t\000h\000e\000\040\000a\000x\000i\000o\000m\000s}{section.16}% 13
\BOOKMARK [2][-]{subsection.21}{\376\377\000D\000i\000s\000c\000r\000e\000t\000e\000\040\000u\000n\000i\000f\000o\000r\000m\000\040\000l\000a\000w}{section.16}% 14
\BOOKMARK [2][-]{subsection.22}{\376\377\000U\000n\000i\000f\000o\000r\000m\000\040\000p\000r\000o\000b\000a\000b\000i\000l\000i\000t\000y\000\040\000l\000a\000w}{section.16}% 15
\BOOKMARK [2][-]{subsection.23}{\376\377\000P\000r\000o\000b\000a\000b\000i\000l\000i\000t\000y\000\040\000c\000a\000l\000c\000u\000l\000a\000t\000i\000o\000n\000\040\000s\000t\000e\000p\000s}{section.16}% 16
\BOOKMARK [2][-]{subsection.24}{\376\377\000C\000o\000u\000n\000t\000a\000b\000l\000e\000\040\000a\000d\000d\000i\000t\000i\000v\000i\000t\000y\000\040\000a\000x\000i\000o\000m}{section.16}% 17
\BOOKMARK [2][-]{subsection.25}{\376\377\000I\000n\000t\000e\000r\000p\000r\000e\000t\000a\000t\000i\000o\000n\000s\000\040\000o\000f\000\040\000p\000r\000o\000b\000a\000b\000i\000l\000i\000t\000i\000e\000s}{section.16}% 18
\BOOKMARK [2][-]{subsection.26}{\376\377\000T\000h\000e\000\040\000r\000o\000l\000e\000\040\000o\000f\000\040\000p\000r\000o\000b\000a\000b\000i\000l\000i\000t\000y\000\040\000t\000h\000e\000o\000r\000y}{section.16}% 19
\BOOKMARK [0][-]{chapter.27}{\376\377\000C\000o\000n\000d\000i\000t\000i\000o\000n\000i\000n\000g\000\040\000a\000n\000d\000\040\000i\000n\000d\000e\000p\000e\000n\000d\000e\000n\000c\000e}{}% 20
\BOOKMARK [1][-]{section.28}{\376\377\000L\000e\000c\000t\000u\000r\000e\000\040\0002\000:\000\040\000C\000o\000n\000d\000i\000t\000i\000o\000n\000i\000n\000g\000\040\000a\000n\000\040\000B\000a\000y\000e\000'\000s\000\040\000r\000u\000l\000e}{chapter.27}% 21
\BOOKMARK [2][-]{subsection.29}{\376\377\000C\000o\000n\000d\000i\000t\000i\000o\000n\000a\000l\000\040\000P\000r\000o\000b\000a\000b\000i\000l\000i\000t\000y}{section.28}% 22
\BOOKMARK [2][-]{subsection.30}{\376\377\000T\000h\000r\000e\000e\000\040\000i\000m\000p\000o\000r\000t\000a\000n\000t\000\040\000t\000o\000o\000l\000s\000:\000\040\000M\000u\000l\000t\000i\000p\000l\000i\000c\000a\000t\000i\000o\000n\000\040\000r\000u\000l\000e\000;\000\040\000T\000o\000t\000a\000l\000\040\000p\000r\000o\000b\000a\000b\000i\000l\000i\000t\000y\000\040\000t\000h\000e\000o\000r\000e\000m\000;\000\040\000B\000a\000y\000e\000'\000s\000\040\000r\000u\000l\000e}{section.28}% 23
\BOOKMARK [0][-]{appendix.31}{\376\377\000F\000r\000e\000q\000u\000e\000n\000t\000l\000y\000\040\000A\000s\000k\000e\000d\000\040\000Q\000u\000e\000s\000t\000i\000o\000n\000s}{}% 24
\BOOKMARK [1][-]{section.32}{\376\377\000H\000o\000w\000\040\000d\000o\000\040\000I\000\040\000c\000h\000a\000n\000g\000e\000\040\000t\000h\000e\000\040\000c\000o\000l\000o\000r\000s\000\040\000o\000f\000\040\000l\000i\000n\000k\000s\000?}{appendix.31}% 25
